time="2023-08-24T17:42:52+06:00" level=info msg="Listening on port 8080 ..."
time="2023-08-25T10:24:21+06:00" level=info msg="Listening on port 8080 ..."
time="2023-08-25T10:25:18+06:00" level=info msg="Listening on port 8080 ..."
time="2023-08-25T10:32:53+06:00" level=info msg="Listening on port 8080 ..."
time="2023-08-25T10:33:51+06:00" level=info msg="Listening on port 8080 ..."
time="2023-08-25T10:39:43+06:00" level=info msg="Listening on port 8080 ..."
time="2023-08-25T10:40:10+06:00" level=info msg="Listening on port 8080 ..."
time="2023-08-25T10:40:52+06:00" level=info msg="Listening on port 8080 ..."
time="2023-08-25T10:42:29+06:00" level=info msg="Listening on port 8080 ..."
time="2023-08-25T10:44:15+06:00" level=info msg="date was saved"
time="2023-08-25T10:49:06+06:00" level=info msg="Listening on port 8080 ..."
time="2023-08-25T10:54:28+06:00" level=info msg="Listening on port 8080 ..."
Aug 25 11:02:01.187[36m [INFO] [0mListening on port 8080 ...
time="2023-08-25T11:04:09+06:00" level=info msg="Listening on port 8080 ..."
time="2023-08-25T11:06:11+06:00" level=info msg="Listening on port 8080 ...\n"
Aug 25 11:06:51.470[36m [INFO] [0mListening on port 8080 ...

time="2023-08-25T11:09:24+06:00" level=info msg="Listening on port 8080 ...\n"
time="2023-08-25T11:10:29+06:00" level=info msg="Listening on port 8080 ...\n"
Aug 25 11:10:55.840[36m [INFO] [0mListening on port 8080 ...

Aug 25 11:11:31.765[36m [INFO] [0mdate was saved
Aug 25 11:24:43.935[36m [INFO] [0mListening on port 8080 ...
Aug 25 11:26:33.734[36m [INFO] [0mListening on port 8080 ...
time="2023-08-25T11:27:39+06:00" level=info msg="Listening on port 8080 ..."
level=info msg="Listening on port 8080 ..."
time="Aug 25 11:31:52.321" level=info msg="Listening on port 8080 ..."
time="Aug 25 11:34:21.599" level=info msg="Listening on port 8080 ..."
Aug 25 11:34:59.859 [info] Listening on port 8080 ...
Aug 25 11:35:30.168 [info] Listening on port 8080 ...
Aug 25 11:35:59.038 [info] Listening on port 8080 ...
Aug 25 11:37:12.550 [info] date was saved
Aug 25 11:40:07.489 [[info]] Listening on port 8080 ...
Aug 25 11:40:59.187 [info] Listening on port 8080 ...
Aug 25 11:42:29.927 [info] Listening on port 8080 ...
Aug 25 11:47:51.207 [info] Listening on port 8080 ...
Aug 25 11:50:06.732 [info] Listening on port 8080 ...
Aug 25 11:53:16.331 info Listening on port 8080 ...
Aug 25 11:54:35.475 [error] Listening on port 8080 ...
Aug 25 11:55:14.987 [info] Listening on port 8080 ...
Aug 25 11:55:58.226 [error] Listening on port 8080 ...
Aug 25 12:03:21.956 [info] Listening on port 8080 ...
Aug 25 14:09:09.147 [info] Listening on port 8080 ...
Aug 25 14:10:06.305 [info] date was saved
Aug 25 15:40:05.750 [info] Listening on port 8080 ...
Aug 25 15:40:18.123 [info] date was saved
Aug 25 15:40:39.807 [info] Currency by date accessed
Aug 25 15:40:50.189 [info] Listening on port 8080 ...
Aug 25 15:40:58.200 [info] Currency by date accessed
Aug 25 15:41:07.804 [info] date was saved
Aug 25 15:41:10.147 [info] Currency by date accessed
Aug 25 17:25:30.933 [info] Listening on port 8080 ...
Aug 28 08:59:05.284 [info] Listening on port 8080 ...
Aug 28 09:01:09.958 [info] date was saved
Aug 28 09:37:01.107 [info] Listening on port 8080 ...
Aug 28 09:37:15.392 [info] date was saved
Aug 28 09:37:22.951 [info] Currency by date accessed
Aug 28 09:56:21.671 [info] Listening on port 8080 ...
Aug 28 09:56:45.248 [info] Currency by date accessed
Aug 28 09:56:51.115 [info] Currency by date accessed
Aug 28 16:01:23.675 [info] Listening on port 8080 ...
Aug 28 16:01:29.483 [info] Currency by date accessed
Aug 28 16:01:33.221 [info] date was saved
Aug 28 16:24:00.756 [info] Listening on port 8080 ...
Aug 28 17:46:54.043 [info] Listening on port 8080 ...
Aug 28 17:47:06.632 [info] date was saved
Aug 28 17:47:28.937 [info] Currency by date accessed
Aug 29 09:00:56.325 [info] Listening on port 8080 ...
Aug 29 09:01:15.924 [info] date was saved
Aug 29 09:03:33.959 [info] Listening on port 8080 ...
Aug 29 09:03:49.223 [info] Item saved
Aug 29 09:03:49.232 [info] Item saved
Aug 29 09:03:49.233 [info] Item saved
Aug 29 09:03:49.233 [info] Item saved
Aug 29 09:03:49.233 [info] Item saved
Aug 29 09:03:49.233 [info] Item saved
Aug 29 09:03:49.236 [info] Item saved
Aug 29 09:03:49.238 [info] Item saved
Aug 29 09:03:49.238 [info] Item saved
Aug 29 09:03:49.238 [info] Item saved
Aug 29 09:03:49.238 [info] Item saved
Aug 29 09:03:49.239 [info] Item saved
Aug 29 09:03:49.241 [info] Item saved
Aug 29 09:03:49.241 [info] Item saved
Aug 29 09:03:49.241 [info] Item saved
Aug 29 09:03:49.242 [info] Item saved
Aug 29 09:03:49.242 [info] Item saved
Aug 29 09:03:49.242 [info] Item saved
Aug 29 09:03:49.242 [info] Item saved
Aug 29 09:03:49.242 [info] Item saved
Aug 29 09:03:49.243 [info] Item saved
Aug 29 09:03:49.243 [info] Item saved
Aug 29 09:03:49.243 [info] Item saved
Aug 29 09:03:49.244 [info] Item saved
Aug 29 09:03:49.244 [info] Item saved
Aug 29 09:03:49.244 [info] Item saved
Aug 29 09:03:49.244 [info] Item saved
Aug 29 09:03:49.244 [info] Item saved
Aug 29 09:03:49.244 [info] Item saved
Aug 29 09:03:49.245 [info] Item saved
Aug 29 09:03:49.246 [info] Item saved
Aug 29 09:03:49.247 [info] Item saved
Aug 29 09:03:49.247 [info] Item saved
Aug 29 09:03:49.248 [info] Item saved
Aug 29 09:03:49.248 [info] Item saved
Aug 29 09:03:49.248 [info] Item saved
Aug 29 09:03:49.248 [info] Item saved
Aug 29 09:03:49.248 [info] Item saved
Aug 29 09:03:49.249 [info] Item saved
Aug 29 09:03:49.249 [info] [2023-08-20] 39 Items saved

Aug 29 09:03:49.249 [info] date was saved
Aug 29 09:04:57.164 [info] Listening on port 8080 ...
Aug 29 09:05:18.742 [info] 0 Item saved
Aug 29 09:05:18.745 [info] 1 Item saved
Aug 29 09:05:18.746 [info] 2 Item saved
Aug 29 09:05:18.746 [info] 3 Item saved
Aug 29 09:05:18.746 [info] 4 Item saved
Aug 29 09:05:18.747 [info] 5 Item saved
Aug 29 09:05:18.747 [info] 6 Item saved
Aug 29 09:05:18.747 [info] 5 Item saved
Aug 29 09:05:18.747 [info] 5 Item saved
Aug 29 09:05:18.748 [info] 9 Item saved
Aug 29 09:05:18.749 [info] 10 Item saved
Aug 29 09:05:18.749 [info] 11 Item saved
Aug 29 09:05:18.749 [info] 12 Item saved
Aug 29 09:05:18.749 [info] 13 Item saved
Aug 29 09:05:18.749 [info] 11 Item saved
Aug 29 09:05:18.749 [info] 11 Item saved
Aug 29 09:05:18.751 [info] 16 Item saved
Aug 29 09:05:18.753 [info] 17 Item saved
Aug 29 09:05:18.753 [info] 18 Item saved
Aug 29 09:05:18.753 [info] 19 Item saved
Aug 29 09:05:18.754 [info] 20 Item saved
Aug 29 09:05:18.754 [info] 20 Item saved
Aug 29 09:05:18.754 [info] 20 Item saved
Aug 29 09:05:18.754 [info] 23 Item saved
Aug 29 09:05:18.755 [info] 24 Item saved
Aug 29 09:05:18.755 [info] 25 Item saved
Aug 29 09:05:18.755 [info] 26 Item saved
Aug 29 09:05:18.755 [info] 27 Item saved
Aug 29 09:05:18.755 [info] 28 Item saved
Aug 29 09:05:18.755 [info] 29 Item saved
Aug 29 09:05:18.755 [info] 30 Item saved
Aug 29 09:05:18.755 [info] 31 Item saved
Aug 29 09:05:18.755 [info] 32 Item saved
Aug 29 09:05:18.755 [info] 33 Item saved
Aug 29 09:05:18.755 [info] 34 Item saved
Aug 29 09:05:18.756 [info] 35 Item saved
Aug 29 09:05:18.757 [info] 36 Item saved
Aug 29 09:05:18.757 [info] 36 Item saved
Aug 29 09:05:18.757 [info] 38 Item saved
Aug 29 09:05:18.757 [info] 39 Items saved

Aug 29 09:05:18.757 [info] date was saved
Aug 29 09:29:22.207 [info] Listening on port 8080 ...
Aug 29 09:33:38.885 [info] Listening on port 8080 ...
Aug 29 09:34:17.395 [info] Listening on port 8080 ...
Aug 29 09:34:30.576 [info] Currency by date accessed
Aug 29 09:34:37.272 [info] Currency by date accessed
Aug 29 09:34:44.545 [info] Currency by date accessed
Aug 29 09:35:29.272 [info] Listening on port 8080 ...
Aug 29 09:35:35.231 [info] Currency by date accessed
Aug 29 09:37:09.896 [info] Listening on port 8080 ...
Aug 29 09:37:18.222 [info] 0 Item saved
Aug 29 09:37:18.225 [info] 1 Item saved
Aug 29 09:37:18.225 [info] 2 Item saved
Aug 29 09:37:18.226 [info] 3 Item saved
Aug 29 09:37:18.228 [info] 4 Item saved
Aug 29 09:37:18.228 [info] 5 Item saved
Aug 29 09:37:18.228 [info] 6 Item saved
Aug 29 09:37:18.228 [info] 6 Item saved
Aug 29 09:37:18.228 [info] 7 Item saved
Aug 29 09:37:18.230 [info] 9 Item saved
Aug 29 09:37:18.230 [info] 9 Item saved
Aug 29 09:37:18.230 [info] 11 Item saved
Aug 29 09:37:18.231 [info] 12 Item saved
Aug 29 09:37:18.231 [info] 13 Item saved
Aug 29 09:37:18.231 [info] 14 Item saved
Aug 29 09:37:18.233 [info] 15 Item saved
Aug 29 09:37:18.233 [info] 16 Item saved
Aug 29 09:37:18.233 [info] 17 Item saved
Aug 29 09:37:18.233 [info] 18 Item saved
Aug 29 09:37:18.233 [info] 19 Item saved
Aug 29 09:37:18.233 [info] 20 Item saved
Aug 29 09:37:18.233 [info] 21 Item saved
Aug 29 09:37:18.233 [info] 21 Item saved
Aug 29 09:37:18.233 [info] 23 Item saved
Aug 29 09:37:18.233 [info] 24 Item saved
Aug 29 09:37:18.233 [info] 23 Item saved
Aug 29 09:37:18.233 [info] 26 Item saved
Aug 29 09:37:18.233 [info] 27 Item saved
Aug 29 09:37:18.233 [info] 26 Item saved
Aug 29 09:37:18.234 [info] 29 Item saved
Aug 29 09:37:18.234 [info] 30 Item saved
Aug 29 09:37:18.234 [info] 31 Item saved
Aug 29 09:37:18.234 [info] 32 Item saved
Aug 29 09:37:18.234 [info] 32 Item saved
Aug 29 09:37:18.234 [info] 34 Item saved
Aug 29 09:37:18.235 [info] 35 Item saved
Aug 29 09:37:18.235 [info] 36 Item saved
Aug 29 09:37:18.235 [info] 36 Item saved
Aug 29 09:37:18.235 [info] 38 Item saved
Aug 29 09:37:18.235 [info] 39 Items saved

Aug 29 09:37:18.235 [info] date was saved
Aug 29 09:37:41.594 [info] Currency by date accessed
Aug 29 09:42:50.421  Listening on port 8080 ...
Aug 29 09:43:48.405 [] Listening on port 8080 ...
Aug 29 09:44:19.473 [] Listening on port 8080 ...
Aug 29 09:45:59.384 [[INFO]] Listening on port 8080 ...
Aug 29 09:46:15.720 [[INFO]] Currency by date accessed
Aug 29 09:46:59.126 [INFO] Listening on port 8080 ...
Aug 29 09:48:31.714 [INFO] Listening on port 8080 ...
Aug 29 09:48:38.462 [INFO] Currency by date accessed
Aug 29 09:48:59.149 [INFO] Currency by date accessed
Aug 29 09:55:11.082 [INFO] Listening on port 8080 ...
Aug 29 09:55:32.095 [INFO] Listening on port 8080 ...
Aug 29 09:57:37.718 [INFO] Listening on port 8080 ...
Aug 29 09:59:48.522 [INFO] Listening on port 8080 ...
Aug 29 10:00:31.363 [INFO] Listening on port 8080 ...
Aug 29 10:00:37.870 [INFO] 0 Item saved
Aug 29 10:00:37.873 [INFO] 1 Item saved
Aug 29 10:00:37.874 [INFO] 2 Item saved
Aug 29 10:00:37.874 [INFO] 3 Item saved
Aug 29 10:00:37.874 [INFO] 4 Item saved
Aug 29 10:00:37.874 [INFO] 5 Item saved
Aug 29 10:00:37.875 [INFO] 6 Item saved
Aug 29 10:00:37.875 [INFO] 7 Item saved
Aug 29 10:00:37.875 [INFO] 8 Item saved
Aug 29 10:00:37.875 [INFO] 9 Item saved
Aug 29 10:00:37.875 [INFO] 10 Item saved
Aug 29 10:00:37.877 [INFO] 11 Item saved
Aug 29 10:00:37.877 [INFO] 12 Item saved
Aug 29 10:00:37.877 [INFO] 13 Item saved
Aug 29 10:00:37.877 [INFO] 14 Item saved
Aug 29 10:00:37.877 [INFO] 14 Item saved
Aug 29 10:00:37.877 [INFO] 16 Item saved
Aug 29 10:00:37.877 [INFO] 17 Item saved
Aug 29 10:00:37.877 [INFO] 17 Item saved
Aug 29 10:00:37.877 [INFO] 19 Item saved
Aug 29 10:00:37.878 [INFO] 20 Item saved
Aug 29 10:00:37.878 [INFO] 20 Item saved
Aug 29 10:00:37.878 [INFO] 22 Item saved
Aug 29 10:00:37.878 [INFO] 23 Item saved
Aug 29 10:00:37.878 [INFO] 24 Item saved
Aug 29 10:00:37.878 [INFO] 25 Item saved
Aug 29 10:00:37.878 [INFO] 26 Item saved
Aug 29 10:00:37.878 [INFO] 27 Item saved
Aug 29 10:00:37.878 [INFO] 28 Item saved
Aug 29 10:00:37.878 [INFO] 29 Item saved
Aug 29 10:00:37.879 [INFO] 30 Item saved
Aug 29 10:00:37.879 [INFO] 31 Item saved
Aug 29 10:00:37.879 [INFO] 32 Item saved
Aug 29 10:00:37.879 [INFO] 33 Item saved
Aug 29 10:00:37.879 [INFO] 34 Item saved
Aug 29 10:00:37.880 [INFO] 35 Item saved
Aug 29 10:00:37.880 [INFO] 36 Item saved
Aug 29 10:00:37.880 [INFO] 37 Item saved
Aug 29 10:00:37.881 [INFO] 38 Item saved
Aug 29 10:00:37.881 [INFO] 39 Items saved

Aug 29 10:00:37.881 [INFO] date was saved
Sep 01 14:09:55.371 [INFO] Listening on port 8080 ...
Sep 01 14:34:44.429 [INFO] Listening on port 8080 ...
Sep 01 14:42:36.113 [INFO] Listening on port 8080 ...
Sep 01 14:43:53.625 [INFO] Listening on port 8080 ...
Sep 01 15:03:28.311 [INFO] Listening on port 8080 ...
Sep 01 15:06:30.000 [INFO] Listening on port 8080 ...
Sep 01 15:08:31.349 [INFO] Listening on port 8080 ...
Sep 01 15:14:04.103 [INFO] Listening on port 8080 ...
Sep 01 15:14:22.736 [INFO] 0 Item saved
Sep 01 15:14:22.738 [INFO] 1 Item saved
Sep 01 15:14:22.738 [INFO] 2 Item saved
Sep 01 15:14:22.741 [INFO] 3 Item saved
Sep 01 15:14:22.742 [INFO] 4 Item saved
Sep 01 15:14:22.742 [INFO] 4 Item saved
Sep 01 15:14:22.742 [INFO] 6 Item saved
Sep 01 15:14:22.743 [INFO] 7 Item saved
Sep 01 15:14:22.744 [INFO] 8 Item saved
Sep 01 15:14:22.745 [INFO] 9 Item saved
Sep 01 15:14:22.746 [INFO] 10 Item saved
Sep 01 15:14:22.746 [INFO] 11 Item saved
Sep 01 15:14:22.746 [INFO] 11 Item saved
Sep 01 15:14:22.746 [INFO] 13 Item saved
Sep 01 15:14:22.746 [INFO] 13 Item saved
Sep 01 15:14:22.746 [INFO] 14 Item saved
Sep 01 15:14:22.746 [INFO] 13 Item saved
Sep 01 15:14:22.747 [INFO] 15 Item saved
Sep 01 15:14:22.747 [INFO] 17 Item saved
Sep 01 15:14:22.747 [INFO] 15 Item saved
Sep 01 15:14:22.747 [INFO] 15 Item saved
Sep 01 15:14:22.748 [INFO] 21 Item saved
Sep 01 15:14:22.748 [INFO] 21 Item saved
Sep 01 15:14:22.748 [INFO] 21 Item saved
Sep 01 15:14:22.748 [INFO] 24 Item saved
Sep 01 15:14:22.748 [INFO] 25 Item saved
Sep 01 15:14:22.748 [INFO] 26 Item saved
Sep 01 15:14:22.749 [INFO] 27 Item saved
Sep 01 15:14:22.749 [INFO] 28 Item saved
Sep 01 15:14:22.749 [INFO] 28 Item saved
Sep 01 15:14:22.749 [INFO] 30 Item saved
Sep 01 15:14:22.749 [INFO] 30 Item saved
Sep 01 15:14:22.749 [INFO] 32 Item saved
Sep 01 15:14:22.749 [INFO] 33 Item saved
Sep 01 15:14:22.750 [INFO] 34 Item saved
Sep 01 15:14:22.751 [INFO] 35 Item saved
Sep 01 15:14:22.751 [INFO] 35 Item saved
Sep 01 15:14:22.751 [INFO] 37 Item saved
Sep 01 15:14:22.751 [INFO] 38 Item saved
Sep 01 15:14:22.751 [INFO] 39 Items saved

Sep 01 15:14:22.751 [INFO] date was saved
Sep 01 15:14:49.778 [INFO] 0 Item saved
Sep 01 15:14:49.778 [INFO] 1 Item saved
Sep 01 15:14:49.781 [INFO] 2 Item saved
Sep 01 15:14:49.781 [INFO] 3 Item saved
Sep 01 15:14:49.781 [INFO] 4 Item saved
Sep 01 15:14:49.781 [INFO] 5 Item saved
Sep 01 15:14:49.782 [INFO] 6 Item saved
Sep 01 15:14:49.782 [INFO] 7 Item saved
Sep 01 15:14:49.783 [INFO] 8 Item saved
Sep 01 15:14:49.783 [INFO] 9 Item saved
Sep 01 15:14:49.783 [INFO] 10 Item saved
Sep 01 15:14:49.783 [INFO] 11 Item saved
Sep 01 15:14:49.783 [INFO] 12 Item saved
Sep 01 15:14:49.784 [INFO] 13 Item saved
Sep 01 15:14:49.784 [INFO] 14 Item saved
Sep 01 15:14:49.784 [INFO] 15 Item saved
Sep 01 15:14:49.785 [INFO] 16 Item saved
Sep 01 15:14:49.785 [INFO] 17 Item saved
Sep 01 15:14:49.785 [INFO] 18 Item saved
Sep 01 15:14:49.785 [INFO] 19 Item saved
Sep 01 15:14:49.785 [INFO] 20 Item saved
Sep 01 15:14:49.787 [INFO] 21 Item saved
Sep 01 15:14:49.789 [INFO] 22 Item saved
Sep 01 15:14:49.789 [INFO] 22 Item saved
Sep 01 15:14:49.789 [INFO] 22 Item saved
Sep 01 15:14:49.789 [INFO] 22 Item saved
Sep 01 15:14:49.789 [INFO] 26 Item saved
Sep 01 15:14:49.789 [INFO] 27 Item saved
Sep 01 15:14:49.789 [INFO] 28 Item saved
Sep 01 15:14:49.789 [INFO] 29 Item saved
Sep 01 15:14:49.789 [INFO] 30 Item saved
Sep 01 15:14:49.790 [INFO] 31 Item saved
Sep 01 15:14:49.790 [INFO] 31 Item saved
Sep 01 15:14:49.790 [INFO] 33 Item saved
Sep 01 15:14:49.790 [INFO] 34 Item saved
Sep 01 15:14:49.790 [INFO] 35 Item saved
Sep 01 15:14:49.790 [INFO] 35 Item saved
Sep 01 15:14:49.790 [INFO] 37 Item saved
Sep 01 15:14:49.791 [INFO] 38 Item saved
Sep 01 15:14:49.791 [INFO] 39 Items saved

Sep 01 15:14:49.791 [INFO] date was saved
Sep 01 15:18:24.498 [INFO] Listening on port 8080 ...
Sep 01 15:18:50.071 [INFO] 0 Item saved
Sep 01 15:18:50.076 [INFO] 1 Item saved
Sep 01 15:18:50.077 [INFO] 2 Item saved
Sep 01 15:18:50.079 [INFO] 3 Item saved
Sep 01 15:18:50.080 [INFO] 4 Item saved
Sep 01 15:18:50.081 [INFO] 5 Item saved
Sep 01 15:18:50.081 [INFO] 6 Item saved
Sep 01 15:18:50.082 [INFO] 6 Item saved
Sep 01 15:18:50.083 [INFO] 7 Item saved
Sep 01 15:18:50.083 [INFO] 8 Item saved
Sep 01 15:18:50.083 [INFO] 8 Item saved
Sep 01 15:18:50.081 [INFO] 6 Item saved
Sep 01 15:18:50.083 [INFO] 11 Item saved
Sep 01 15:18:50.083 [INFO] 11 Item saved
Sep 01 15:18:50.083 [INFO] 11 Item saved
Sep 01 15:18:50.083 [INFO] 11 Item saved
Sep 01 15:18:50.083 [INFO] 11 Item saved
Sep 01 15:18:50.083 [INFO] 16 Item saved
Sep 01 15:18:50.083 [INFO] 17 Item saved
Sep 01 15:18:50.083 [INFO] 17 Item saved
Sep 01 15:18:50.083 [INFO] 20 Item saved
Sep 01 15:18:50.084 [INFO] 20 Item saved
Sep 01 15:18:50.084 [INFO] 21 Item saved
Sep 01 15:18:50.085 [INFO] 23 Item saved
Sep 01 15:18:50.085 [INFO] 24 Item saved
Sep 01 15:18:50.085 [INFO] 24 Item saved
Sep 01 15:18:50.085 [INFO] 26 Item saved
Sep 01 15:18:50.085 [INFO] 27 Item saved
Sep 01 15:18:50.085 [INFO] 28 Item saved
Sep 01 15:18:50.086 [INFO] 29 Item saved
Sep 01 15:18:50.086 [INFO] 30 Item saved
Sep 01 15:18:50.086 [INFO] 30 Item saved
Sep 01 15:18:50.086 [INFO] 32 Item saved
Sep 01 15:18:50.086 [INFO] 32 Item saved
Sep 01 15:18:50.086 [INFO] 33 Item saved
Sep 01 15:18:50.086 [INFO] 34 Item saved
Sep 01 15:18:50.086 [INFO] 32 Item saved
Sep 01 15:18:50.086 [INFO] 37 Item saved
Sep 01 15:18:50.086 [INFO] 38 Item saved
Sep 01 15:25:04.372 [INFO] Listening on port 8080 ...
Sep 01 15:25:25.193 [INFO] 0 Item saved
Sep 01 15:28:25.736 [INFO] Listening on port 8080 ...
Sep 01 16:05:55.626 [INFO] Listening on port 8080 ...
Sep 01 16:06:14.628 [INFO] 0 Items saved

Sep 01 16:06:14.628 [INFO] date was saved
Sep 01 16:06:41.818 [INFO] 0 Items saved

Sep 01 16:06:41.818 [INFO] date was saved
Sep 01 16:41:36.886 [INFO] 0 Items saved

Sep 01 16:41:36.886 [INFO] date was saved
Sep 01 16:41:36.898 [INFO] 0 Item saved
Sep 01 16:52:24.898 [INFO] 0 Items saved

Sep 01 16:52:24.899 [INFO] date was saved
Sep 01 17:06:41.509 [INFO] 0 Items saved

Sep 01 17:06:41.509 [INFO] date was saved
